2020-04-10 17:14:34:1434 info: GET /user 404 24.886 ms - 62
2020-04-10 17:14:35:1435 info: GET /user 404 0.592 ms - 62
2020-04-10 17:14:52:1452 info: GET /users 200 2.215 ms - 162
2020-04-10 17:32:11:3211 info: POST /boards 200 6.710 ms - 229
2020-04-10 17:32:11:3211 info: GET /boards 200 1.099 ms - 398
2020-04-10 17:32:11:3211 info: GET /boards 200 0.543 ms - 398
2020-04-10 17:32:11:3211 info: GET /boards/1bfbb1bc-0bcb-4bd8-95e0-41a54c8417e9 200 1.169 ms - 82
2020-04-10 17:32:11:3211 info: POST /boards 200 0.715 ms - 229
2020-04-10 17:32:11:3211 info: DELETE /boards/1fec8edf-8c67-4776-9126-3fa06a81939b 204 1.433 ms - -
2020-04-10 17:32:11:3211 info: POST /boards 200 1.691 ms - 229
2020-04-10 17:32:11:3211 info: PUT /boards/ffd6dbd3-34cb-41dc-bf47-423e068910b4 200 1.005 ms - 229
2020-04-10 17:32:11:3211 info: GET /boards/ffd6dbd3-34cb-41dc-bf47-423e068910b4 200 0.657 ms - 237
2020-04-10 17:32:11:3211 info: DELETE /boards/ffd6dbd3-34cb-41dc-bf47-423e068910b4 204 0.574 ms - -
2020-04-10 17:32:11:3211 info: GET /boards 200 0.902 ms - 398
2020-04-10 17:32:12:3212 info: DELETE /boards/1bfbb1bc-0bcb-4bd8-95e0-41a54c8417e9 204 133.111 ms - -
2020-04-10 17:32:12:3212 info: GET /boards/1bfbb1bc-0bcb-4bd8-95e0-41a54c8417e9 404 0.734 ms - 19
2020-04-10 17:32:12:3212 info: POST /boards 200 0.660 ms - 229
2020-04-10 17:32:12:3212 info: POST /boards/27165484-d0b0-44ac-9d0d-8a9d865547e7/tasks 200 1.513 ms - 180
2020-04-10 17:32:12:3212 info: POST /boards/27165484-d0b0-44ac-9d0d-8a9d865547e7/tasks 200 0.757 ms - 180
2020-04-10 17:32:12:3212 info: POST /boards/27165484-d0b0-44ac-9d0d-8a9d865547e7/tasks 200 0.648 ms - 180
2020-04-10 17:32:12:3212 info: POST /boards/27165484-d0b0-44ac-9d0d-8a9d865547e7/tasks 200 0.771 ms - 180
2020-04-10 17:32:12:3212 info: POST /boards/27165484-d0b0-44ac-9d0d-8a9d865547e7/tasks 200 0.763 ms - 180
2020-04-10 17:32:12:3212 info: GET /boards/27165484-d0b0-44ac-9d0d-8a9d865547e7/tasks/89eae581-fda3-4620-8333-acf1ad08071a 200 0.975 ms - 180
2020-04-10 17:32:12:3212 info: GET /boards/27165484-d0b0-44ac-9d0d-8a9d865547e7/tasks/2c6044af-5517-4517-b1dc-469369a42cb9 200 0.645 ms - 180
2020-04-10 17:32:12:3212 info: GET /boards/27165484-d0b0-44ac-9d0d-8a9d865547e7/tasks/82f8049f-44d9-4ca7-8689-eb9e34620f5c 200 0.521 ms - 180
2020-04-10 17:32:12:3212 info: GET /boards/27165484-d0b0-44ac-9d0d-8a9d865547e7/tasks/35d0f39a-c803-4fe7-a095-56ffbbc4c52e 200 0.647 ms - 180
2020-04-10 17:32:12:3212 info: GET /boards/27165484-d0b0-44ac-9d0d-8a9d865547e7/tasks/c3474270-4178-4e8a-9363-b1c59e8cd422 200 0.622 ms - 180
2020-04-10 17:32:12:3212 info: DELETE /boards/27165484-d0b0-44ac-9d0d-8a9d865547e7 204 0.504 ms - -
2020-04-10 17:32:12:3212 info: GET /boards/27165484-d0b0-44ac-9d0d-8a9d865547e7/tasks/89eae581-fda3-4620-8333-acf1ad08071a 404 0.927 ms - 14
2020-04-10 17:32:12:3212 info: GET /boards/27165484-d0b0-44ac-9d0d-8a9d865547e7/tasks/2c6044af-5517-4517-b1dc-469369a42cb9 404 0.636 ms - 14
2020-04-10 17:32:12:3212 info: GET /boards/27165484-d0b0-44ac-9d0d-8a9d865547e7/tasks/82f8049f-44d9-4ca7-8689-eb9e34620f5c 404 0.500 ms - 14
2020-04-10 17:32:12:3212 info: GET /boards/27165484-d0b0-44ac-9d0d-8a9d865547e7/tasks/35d0f39a-c803-4fe7-a095-56ffbbc4c52e 404 0.591 ms - 14
2020-04-10 17:32:12:3212 info: GET /boards/27165484-d0b0-44ac-9d0d-8a9d865547e7/tasks/c3474270-4178-4e8a-9363-b1c59e8cd422 404 0.587 ms - 14
