[31m[31merror[31m[39m:   uncaughtException: listen EADDRINUSE: address already in use :::4000
Error: listen EADDRINUSE: address already in use :::4000
    at Server.setupListenHandle [as _listen2] (net.js:1309:16)
    at listenInCluster (net.js:1357:12)
    at Server.listen (net.js:1445:7)
    at Function.listen (/home/natalie/node-course/nodejs-course/node_modules/express/lib/application.js:618:24)
    at Object.<anonymous> (/home/natalie/node-course/nodejs-course/src/server.js:4:5)
    at Module._compile (internal/modules/cjs/loader.js:1158:30)
    at Object.Module._extensions..js (internal/modules/cjs/loader.js:1178:10)
    at Module.load (internal/modules/cjs/loader.js:1002:32)
    at Function.Module._load (internal/modules/cjs/loader.js:901:14)
    at Function.executeUserEntryPoint [as runMain] (internal/modules/run_main.js:74:12)
[31m[31merror[31m[39m:   uncaughtException: listen EADDRINUSE: address already in use :::4000
Error: listen EADDRINUSE: address already in use :::4000
    at Server.setupListenHandle [as _listen2] (net.js:1309:16)
    at listenInCluster (net.js:1357:12)
    at Server.listen (net.js:1445:7)
    at Function.listen (/home/natalie/node-course/nodejs-course/node_modules/express/lib/application.js:618:24)
    at Object.<anonymous> (/home/natalie/node-course/nodejs-course/src/server.js:13:5)
    at Module._compile (internal/modules/cjs/loader.js:1158:30)
    at Object.Module._extensions..js (internal/modules/cjs/loader.js:1178:10)
    at Module.load (internal/modules/cjs/loader.js:1002:32)
    at Function.Module._load (internal/modules/cjs/loader.js:901:14)
    at Function.executeUserEntryPoint [as runMain] (internal/modules/run_main.js:74:12)
[31m[31merror[31m[39m:   uncaughtException: listen EADDRINUSE: address already in use :::4000
Error: listen EADDRINUSE: address already in use :::4000
    at Server.setupListenHandle [as _listen2] (net.js:1309:16)
    at listenInCluster (net.js:1357:12)
    at Server.listen (net.js:1445:7)
    at Function.listen (/home/natalie/node-course/nodejs-course/node_modules/express/lib/application.js:618:24)
    at Object.<anonymous> (/home/natalie/node-course/nodejs-course/src/server.js:13:5)
    at Module._compile (internal/modules/cjs/loader.js:1158:30)
    at Object.Module._extensions..js (internal/modules/cjs/loader.js:1178:10)
    at Module.load (internal/modules/cjs/loader.js:1002:32)
    at Function.Module._load (internal/modules/cjs/loader.js:901:14)
    at Function.executeUserEntryPoint [as runMain] (internal/modules/run_main.js:74:12)
[31m[31merror[31m[39m:   uncaughtException: listen EADDRINUSE: address already in use :::4000
Error: listen EADDRINUSE: address already in use :::4000
    at Server.setupListenHandle [as _listen2] (net.js:1309:16)
    at listenInCluster (net.js:1357:12)
    at Server.listen (net.js:1445:7)
    at Function.listen (/home/natalie/node-course/nodejs-course/node_modules/express/lib/application.js:618:24)
    at Object.<anonymous> (/home/natalie/node-course/nodejs-course/src/server.js:13:5)
    at Module._compile (internal/modules/cjs/loader.js:1158:30)
    at Object.Module._extensions..js (internal/modules/cjs/loader.js:1178:10)
    at Module.load (internal/modules/cjs/loader.js:1002:32)
    at Function.Module._load (internal/modules/cjs/loader.js:901:14)
    at Function.executeUserEntryPoint [as runMain] (internal/modules/run_main.js:74:12)
[31m[31merror[31m[39m:   uncaughtException: listen EADDRINUSE: address already in use :::4000
Error: listen EADDRINUSE: address already in use :::4000
    at Server.setupListenHandle [as _listen2] (net.js:1309:16)
    at listenInCluster (net.js:1357:12)
    at Server.listen (net.js:1445:7)
    at Function.listen (/home/natalie/node-course/nodejs-course/node_modules/express/lib/application.js:618:24)
    at Object.<anonymous> (/home/natalie/node-course/nodejs-course/src/server.js:13:5)
    at Module._compile (internal/modules/cjs/loader.js:1158:30)
    at Object.Module._extensions..js (internal/modules/cjs/loader.js:1178:10)
    at Module.load (internal/modules/cjs/loader.js:1002:32)
    at Function.Module._load (internal/modules/cjs/loader.js:901:14)
    at Function.executeUserEntryPoint [as runMain] (internal/modules/run_main.js:74:12)
[31m[31merror[31m[39m:   uncaughtException: listen EADDRINUSE: address already in use :::4000
Error: listen EADDRINUSE: address already in use :::4000
    at Server.setupListenHandle [as _listen2] (net.js:1309:16)
    at listenInCluster (net.js:1357:12)
    at Server.listen (net.js:1445:7)
    at Function.listen (/home/natalie/node-course/nodejs-course/node_modules/express/lib/application.js:618:24)
    at Object.<anonymous> (/home/natalie/node-course/nodejs-course/src/server.js:13:5)
    at Module._compile (internal/modules/cjs/loader.js:1158:30)
    at Object.Module._extensions..js (internal/modules/cjs/loader.js:1178:10)
    at Module.load (internal/modules/cjs/loader.js:1002:32)
    at Function.Module._load (internal/modules/cjs/loader.js:901:14)
    at Function.executeUserEntryPoint [as runMain] (internal/modules/run_main.js:74:12)
[31m[31merror[31m[39m:   uncaughtException: listen EADDRINUSE: address already in use :::4000
Error: listen EADDRINUSE: address already in use :::4000
    at Server.setupListenHandle [as _listen2] (net.js:1309:16)
    at listenInCluster (net.js:1357:12)
    at Server.listen (net.js:1445:7)
    at Function.listen (/home/natalie/node-course/nodejs-course/node_modules/express/lib/application.js:618:24)
    at Object.<anonymous> (/home/natalie/node-course/nodejs-course/src/server.js:13:5)
    at Module._compile (internal/modules/cjs/loader.js:1158:30)
    at Object.Module._extensions..js (internal/modules/cjs/loader.js:1178:10)
    at Module.load (internal/modules/cjs/loader.js:1002:32)
    at Function.Module._load (internal/modules/cjs/loader.js:901:14)
    at Function.executeUserEntryPoint [as runMain] (internal/modules/run_main.js:74:12)
[31m[31merror[31m[39m:   uncaughtException: listen EADDRINUSE: address already in use :::4000
Error: listen EADDRINUSE: address already in use :::4000
    at Server.setupListenHandle [as _listen2] (net.js:1309:16)
    at listenInCluster (net.js:1357:12)
    at Server.listen (net.js:1445:7)
    at Function.listen (/home/natalie/node-course/nodejs-course/node_modules/express/lib/application.js:618:24)
    at Object.<anonymous> (/home/natalie/node-course/nodejs-course/src/server.js:13:5)
    at Module._compile (internal/modules/cjs/loader.js:1158:30)
    at Object.Module._extensions..js (internal/modules/cjs/loader.js:1178:10)
    at Module.load (internal/modules/cjs/loader.js:1002:32)
    at Function.Module._load (internal/modules/cjs/loader.js:901:14)
    at Function.executeUserEntryPoint [as runMain] (internal/modules/run_main.js:74:12)
[31m[31merror[31m[39m:   uncaughtException: listen EADDRINUSE: address already in use :::4000
Error: listen EADDRINUSE: address already in use :::4000
    at Server.setupListenHandle [as _listen2] (net.js:1309:16)
    at listenInCluster (net.js:1357:12)
    at Server.listen (net.js:1445:7)
    at Function.listen (/home/natalie/node-course/nodejs-course/node_modules/express/lib/application.js:618:24)
    at Object.<anonymous> (/home/natalie/node-course/nodejs-course/src/server.js:13:5)
    at Module._compile (internal/modules/cjs/loader.js:1158:30)
    at Object.Module._extensions..js (internal/modules/cjs/loader.js:1178:10)
    at Module.load (internal/modules/cjs/loader.js:1002:32)
    at Function.Module._load (internal/modules/cjs/loader.js:901:14)
    at Function.executeUserEntryPoint [as runMain] (internal/modules/run_main.js:74:12)
[31m[31merror[31m[39m:   uncaughtException: listen EADDRINUSE: address already in use :::4000
Error: listen EADDRINUSE: address already in use :::4000
    at Server.setupListenHandle [as _listen2] (net.js:1309:16)
    at listenInCluster (net.js:1357:12)
    at Server.listen (net.js:1445:7)
    at Function.listen (/home/natalie/node-course/nodejs-course/node_modules/express/lib/application.js:618:24)
    at Object.<anonymous> (/home/natalie/node-course/nodejs-course/src/server.js:13:5)
    at Module._compile (internal/modules/cjs/loader.js:1158:30)
    at Object.Module._extensions..js (internal/modules/cjs/loader.js:1178:10)
    at Module.load (internal/modules/cjs/loader.js:1002:32)
    at Function.Module._load (internal/modules/cjs/loader.js:901:14)
    at Function.executeUserEntryPoint [as runMain] (internal/modules/run_main.js:74:12)
