{"message":"    GET 200 /users {} Body {} size 162 - 7.818 ms\n","level":"info"}
{"message":"    POST 200 /users {} Body {\"name\":\"TEST_USER\",\"login\":\"test_user\",\"password\":\"T35t_P@55w0rd\"} size 84 - 1.942 ms\n","level":"info"}
{"message":"    GET 200 /users {} Body {} size 247 - 0.761 ms\n","level":"info"}
{"message":"    GET 200 /users/dc17dbdd-60f5-47f6-9454-39c926d6ea13 {} Body {} size 77 - 1.427 ms\n","level":"info"}
{"message":"    DELETE 204 /users/dc17dbdd-60f5-47f6-9454-39c926d6ea13 {} Body {} size - - 1.691 ms\n","level":"info"}
{"message":"    POST 200 /users {} Body {\"name\":\"TEST_USER\",\"login\":\"test_user\",\"password\":\"T35t_P@55w0rd\"} size 84 - 0.858 ms\n","level":"info"}
{"message":"    DELETE 204 /users/2a05b971-6866-4ff8-a3fe-4ade9b3e0a1a {} Body {} size - - 0.693 ms\n","level":"info"}
{"message":"    POST 200 /users {} Body {\"name\":\"TEST_USER\",\"login\":\"test_user\",\"password\":\"T35t_P@55w0rd\"} size 84 - 0.525 ms\n","level":"info"}
{"message":"    PUT 200 /users/a04cb4c9-0cca-4d43-92ba-d87316e0db31 {} Body {\"name\":\"Autotest updated TEST_USER\",\"login\":\"test_user\",\"password\":\"T35t_P@55w0rd\",\"id\":\"a04cb4c9-0cca-4d43-92ba-d87316e0db31\"} size 111 - 1.016 ms\n","level":"info"}
{"message":"    GET 200 /users/a04cb4c9-0cca-4d43-92ba-d87316e0db31 {} Body {} size 101 - 0.722 ms\n","level":"info"}
{"message":"    DELETE 204 /users/a04cb4c9-0cca-4d43-92ba-d87316e0db31 {} Body {} size - - 0.819 ms\n","level":"info"}
{"message":"    POST 200 /users {} Body {\"name\":\"TEST_USER\",\"login\":\"test_user\",\"password\":\"T35t_P@55w0rd\"} size 84 - 0.576 ms\n","level":"info"}
{"message":"    DELETE 204 /users/9430a7c4-45f2-463d-8723-4b8d23ca20e7 {} Body {} size - - 0.648 ms\n","level":"info"}
{"message":"    POST 200 /users {} Body {\"name\":\"TEST_USER\",\"login\":\"test_user\",\"password\":\"T35t_P@55w0rd\"} size 84 - 0.506 ms\n","level":"info"}
{"message":"    POST 200 /boards {} Body {\"title\":\"Autotest board\",\"columns\":[{\"title\":\"Backlog\",\"order\":1},{\"title\":\"Sprint\",\"order\":2}]} size 229 - 1.254 ms\n","level":"info"}
{"message":"    POST 200 /boards/d59809a7-207a-455e-bb1d-bf8a6ecc82dd/tasks {} Body {\"title\":\"Task #1\",\"order\":1,\"description\":\"Lorem ipsum\",\"userId\":\"32496648-9145-4477-a3fc-5f1c3bfee04f\",\"boardId\":\"d59809a7-207a-455e-bb1d-bf8a6ecc82dd\"} size 198 - 1.544 ms\n","level":"info"}
{"message":"    POST 200 /boards/d59809a7-207a-455e-bb1d-bf8a6ecc82dd/tasks {} Body {\"title\":\"Task #2\",\"order\":2,\"description\":\"Lorem ipsum\",\"userId\":\"32496648-9145-4477-a3fc-5f1c3bfee04f\",\"boardId\":\"d59809a7-207a-455e-bb1d-bf8a6ecc82dd\"} size 198 - 0.828 ms\n","level":"info"}
{"message":"    DELETE 204 /users/32496648-9145-4477-a3fc-5f1c3bfee04f {} Body {} size - - 0.651 ms\n","level":"info"}
{"message":"    GET 200 /boards/d59809a7-207a-455e-bb1d-bf8a6ecc82dd/tasks/849c91f5-6e79-4c61-b166-63eedc78dd84 {} Body {} size 164 - 0.987 ms\n","level":"info"}
{"message":"    GET 200 /boards/d59809a7-207a-455e-bb1d-bf8a6ecc82dd/tasks/42ef11e9-31b3-4ba4-94d7-7cd5e9da716a {} Body {} size 164 - 0.666 ms\n","level":"info"}
{"message":"    DELETE 204 /boards/d59809a7-207a-455e-bb1d-bf8a6ecc82dd/tasks/849c91f5-6e79-4c61-b166-63eedc78dd84 {} Body {} size - - 1.031 ms\n","level":"info"}
{"message":"    DELETE 204 /boards/d59809a7-207a-455e-bb1d-bf8a6ecc82dd/tasks/42ef11e9-31b3-4ba4-94d7-7cd5e9da716a {} Body {} size - - 0.668 ms\n","level":"info"}
{"message":"    DELETE 204 /boards/d59809a7-207a-455e-bb1d-bf8a6ecc82dd {} Body {} size - - 1.354 ms\n","level":"info"}
{"message":"    GET 200 /users {} Body {} size 162 - 20.525 ms\n","level":"info"}
{"message":"    POST 200 /boards {} Body {\"title\":\"Autotest board\",\"columns\":[{\"title\":\"Backlog\",\"order\":1},{\"title\":\"Sprint\",\"order\":2}]} size 229 - 1.723 ms\n","level":"info"}
{"message":"    POST 200 /boards {} Body {\"title\":\"Autotest board\",\"columns\":[{\"title\":\"Backlog\",\"order\":1},{\"title\":\"Sprint\",\"order\":2}]} size 229 - 0.834 ms\n","level":"info"}
{"message":"    POST 200 /users {} Body {\"name\":\"TEST_USER\",\"login\":\"test_user\",\"password\":\"T35t_P@55w0rd\"} size 84 - 1.084 ms\n","level":"info"}
{"message":"    POST 200 /boards/c7d6550c-db0e-4ee1-aec1-a37f02a94219/tasks {} Body {\"title\":\"Autotest task\",\"order\":0,\"description\":\"Lorem ipsum\",\"userId\":null,\"boardId\":null,\"columnId\":null} size 186 - 2.329 ms\n","level":"info"}
{"message":"    GET 200 /users {} Body {} size 247 - 0.896 ms\n","level":"info"}
{"message":"    GET 200 /boards {} Body {} size 628 - 0.908 ms\n","level":"info"}
{"message":"    GET 200 /users/af6e5bca-eabc-42e0-8c1f-c21d9cc0a536 {} Body {} size 77 - 1.072 ms\n","level":"info"}
{"message":"    GET 200 /boards/c7d6550c-db0e-4ee1-aec1-a37f02a94219/tasks {} Body {} size 188 - 1.056 ms\n","level":"info"}
{"message":"    DELETE 204 /users/af6e5bca-eabc-42e0-8c1f-c21d9cc0a536 {} Body {} size - - 1.517 ms\n","level":"info"}
{"message":"    GET 200 /boards {} Body {} size 628 - 0.606 ms\n","level":"info"}
{"message":"    POST 200 /users {} Body {\"name\":\"TEST_USER\",\"login\":\"test_user\",\"password\":\"T35t_P@55w0rd\"} size 84 - 1.830 ms\n","level":"info"}
{"message":"    GET 200 /boards/c7d6550c-db0e-4ee1-aec1-a37f02a94219/tasks {} Body {} size 188 - 0.675 ms\n","level":"info"}
{"message":"    GET 200 /boards/023c68a5-192c-4d3d-b270-626dd0edf807 {} Body {} size 82 - 0.870 ms\n","level":"info"}
{"message":"    GET 200 /boards/c7d6550c-db0e-4ee1-aec1-a37f02a94219/tasks/15f77f4d-fa99-4f64-920e-6c96a671d4d6 {} Body {} size 186 - 1.036 ms\n","level":"info"}
{"message":"    DELETE 204 /users/f5983fad-3008-4d92-8d7d-41837e25cdcb {} Body {} size - - 0.773 ms\n","level":"info"}
{"message":"    POST 200 /boards {} Body {\"title\":\"Autotest board\",\"columns\":[{\"title\":\"Backlog\",\"order\":1},{\"title\":\"Sprint\",\"order\":2}]} size 229 - 1.471 ms\n","level":"info"}
{"message":"    POST 200 /users {} Body {\"name\":\"TEST_USER\",\"login\":\"test_user\",\"password\":\"T35t_P@55w0rd\"} size 84 - 0.522 ms\n","level":"info"}
{"message":"    POST 200 /boards/c7d6550c-db0e-4ee1-aec1-a37f02a94219/tasks {} Body {\"title\":\"Autotest task\",\"order\":0,\"description\":\"Lorem ipsum\",\"userId\":null,\"boardId\":null,\"columnId\":null} size 186 - 0.691 ms\n","level":"info"}
{"message":"    DELETE 204 /boards/2f747b9e-8984-4260-b384-81ab6288a458 {} Body {} size - - 1.042 ms\n","level":"info"}
{"message":"    PUT 200 /users/c4db1673-69bf-43e0-b95f-ea22ef73c874 {} Body {\"name\":\"Autotest updated TEST_USER\",\"login\":\"test_user\",\"password\":\"T35t_P@55w0rd\",\"id\":\"c4db1673-69bf-43e0-b95f-ea22ef73c874\"} size 111 - 1.013 ms\n","level":"info"}
{"message":"    DELETE 204 /boards/c7d6550c-db0e-4ee1-aec1-a37f02a94219/tasks/c1041ef6-4b17-4861-9223-e53b8bcc8594 {} Body {} size - - 1.030 ms\n","level":"info"}
{"message":"    POST 200 /boards {} Body {\"title\":\"Autotest board\",\"columns\":[{\"title\":\"Backlog\",\"order\":1},{\"title\":\"Sprint\",\"order\":2}]} size 229 - 0.611 ms\n","level":"info"}
{"message":"    GET 200 /users/c4db1673-69bf-43e0-b95f-ea22ef73c874 {} Body {} size 101 - 0.771 ms\n","level":"info"}
{"message":"    POST 200 /boards/c7d6550c-db0e-4ee1-aec1-a37f02a94219/tasks {} Body {\"title\":\"Autotest task\",\"order\":0,\"description\":\"Lorem ipsum\",\"userId\":null,\"boardId\":null,\"columnId\":null} size 186 - 0.697 ms\n","level":"info"}
{"message":"    PUT 200 /boards/2c655b05-0dfc-441b-b6c0-5768385b12e4 {} Body {\"id\":\"2c655b05-0dfc-441b-b6c0-5768385b12e4\",\"title\":\"Autotest updated board\",\"columns\":[{\"id\":\"f0775aa3-89a4-4e2b-9951-53cdacef6814\",\"title\":\"Backlog\",\"order\":1},{\"id\":\"e5b3ead1-020d-423a-a3b8-d739217f4ff9\",\"title\":\"Sprint\",\"order\":2}]} size 229 - 1.062 ms\n","level":"info"}
{"message":"    PUT 200 /boards/c7d6550c-db0e-4ee1-aec1-a37f02a94219/tasks/2e771aa1-548b-47d1-a74f-4ed4a90ca009 {} Body {\"id\":\"2e771aa1-548b-47d1-a74f-4ed4a90ca009\",\"title\":\"Autotest updated task\",\"order\":0,\"description\":\"Lorem ipsum\",\"userId\":null,\"boardId\":\"c7d6550c-db0e-4ee1-aec1-a37f02a94219\",\"columnId\":null} size 186 - 1.068 ms\n","level":"info"}
{"message":"    DELETE 204 /users/c4db1673-69bf-43e0-b95f-ea22ef73c874 {} Body {} size - - 0.743 ms\n","level":"info"}
{"message":"    GET 200 /boards/2c655b05-0dfc-441b-b6c0-5768385b12e4 {} Body {} size 237 - 0.491 ms\n","level":"info"}
{"message":"    GET 200 /boards/c7d6550c-db0e-4ee1-aec1-a37f02a94219/tasks/2e771aa1-548b-47d1-a74f-4ed4a90ca009 {} Body {} size 194 - 0.603 ms\n","level":"info"}
{"message":"    POST 200 /users {} Body {\"name\":\"TEST_USER\",\"login\":\"test_user\",\"password\":\"T35t_P@55w0rd\"} size 84 - 0.509 ms\n","level":"info"}
{"message":"    DELETE 204 /boards/2c655b05-0dfc-441b-b6c0-5768385b12e4 {} Body {} size - - 0.434 ms\n","level":"info"}
{"message":"    GET 200 /boards/c7d6550c-db0e-4ee1-aec1-a37f02a94219/tasks/15f77f4d-fa99-4f64-920e-6c96a671d4d6 {} Body {} size 186 - 0.534 ms\n","level":"info"}
{"message":"    DELETE 204 /users/90231f52-b9a5-47a2-9809-fd14bc8274b7 {} Body {} size - - 0.753 ms\n","level":"info"}
{"message":"    GET 200 /boards {} Body {} size 628 - 0.480 ms\n","level":"info"}
{"message":"    DELETE 204 /boards/c7d6550c-db0e-4ee1-aec1-a37f02a94219/tasks/15f77f4d-fa99-4f64-920e-6c96a671d4d6 {} Body {} size - - 0.586 ms\n","level":"info"}
{"message":"    POST 200 /users {} Body {\"name\":\"TEST_USER\",\"login\":\"test_user\",\"password\":\"T35t_P@55w0rd\"} size 84 - 0.587 ms\n","level":"info"}
{"message":"   404 - Task not found - /boards/15f77f4d-fa99-4f64-920e-6c96a671d4d6/tasks/undefined - GET","level":"error"}
{"message":"    GET 404 /boards/15f77f4d-fa99-4f64-920e-6c96a671d4d6/tasks/undefined {} Body {} size 62 - 2.284 ms\n","level":"info"}
{"message":"    DELETE 204 /boards/023c68a5-192c-4d3d-b270-626dd0edf807 {} Body {} size - - 0.459 ms\n","level":"info"}
{"message":"    POST 200 /boards {} Body {\"title\":\"Autotest board\",\"columns\":[{\"title\":\"Backlog\",\"order\":1},{\"title\":\"Sprint\",\"order\":2}]} size 229 - 0.625 ms\n","level":"info"}
{"message":"    DELETE 204 /boards/c7d6550c-db0e-4ee1-aec1-a37f02a94219 {} Body {} size - - 0.551 ms\n","level":"info"}
{"message":"   404 - Can't get board with 023c68a5-192c-4d3d-b270-626dd0edf807 - /boards/023c68a5-192c-4d3d-b270-626dd0edf807 - GET","level":"error"}
{"message":"    GET 404 /boards/023c68a5-192c-4d3d-b270-626dd0edf807 {} Body {} size 105 - 1.516 ms\n","level":"info"}
{"message":"    POST 200 /boards/e73ffbec-449f-43b6-be28-965aa0aebb52/tasks {} Body {\"title\":\"Task #1\",\"order\":1,\"description\":\"Lorem ipsum\",\"userId\":\"87e732c9-2bba-45e8-b66b-4a4d24dc4834\",\"boardId\":\"e73ffbec-449f-43b6-be28-965aa0aebb52\"} size 198 - 0.650 ms\n","level":"info"}
{"message":"    POST 200 /boards/e73ffbec-449f-43b6-be28-965aa0aebb52/tasks {} Body {\"title\":\"Task #2\",\"order\":2,\"description\":\"Lorem ipsum\",\"userId\":\"87e732c9-2bba-45e8-b66b-4a4d24dc4834\",\"boardId\":\"e73ffbec-449f-43b6-be28-965aa0aebb52\"} size 198 - 1.944 ms\n","level":"info"}
{"message":"    POST 200 /boards {} Body {\"title\":\"Autotest board\",\"columns\":[{\"title\":\"Backlog\",\"order\":1},{\"title\":\"Sprint\",\"order\":2}]} size 229 - 0.590 ms\n","level":"info"}
{"message":"    DELETE 204 /users/87e732c9-2bba-45e8-b66b-4a4d24dc4834 {} Body {} size - - 0.711 ms\n","level":"info"}
{"message":"    GET 200 /boards/e73ffbec-449f-43b6-be28-965aa0aebb52/tasks/b4a710ea-ce36-46f6-8c76-03fcd409b31e {} Body {} size 164 - 0.471 ms\n","level":"info"}
{"message":"    POST 200 /boards/45c5541b-b9ae-4428-a7a2-2db0e10fdd3e/tasks {} Body {\"title\":\"Task #1\",\"order\":1,\"description\":\"Lorem ipsum\",\"boardId\":\"45c5541b-b9ae-4428-a7a2-2db0e10fdd3e\",\"userId\":null,\"columnId\":null} size 180 - 0.687 ms\n","level":"info"}
{"message":"    POST 200 /boards/45c5541b-b9ae-4428-a7a2-2db0e10fdd3e/tasks {} Body {\"title\":\"Task #2\",\"order\":2,\"description\":\"Lorem ipsum\",\"boardId\":\"45c5541b-b9ae-4428-a7a2-2db0e10fdd3e\",\"userId\":null,\"columnId\":null} size 180 - 0.603 ms\n","level":"info"}
{"message":"    POST 200 /boards/45c5541b-b9ae-4428-a7a2-2db0e10fdd3e/tasks {} Body {\"title\":\"Task #3\",\"order\":3,\"description\":\"Lorem ipsum\",\"boardId\":\"45c5541b-b9ae-4428-a7a2-2db0e10fdd3e\",\"userId\":null,\"columnId\":null} size 180 - 0.515 ms\n","level":"info"}
{"message":"    POST 200 /boards/45c5541b-b9ae-4428-a7a2-2db0e10fdd3e/tasks {} Body {\"title\":\"Task #4\",\"order\":4,\"description\":\"Lorem ipsum\",\"boardId\":\"45c5541b-b9ae-4428-a7a2-2db0e10fdd3e\",\"userId\":null,\"columnId\":null} size 180 - 0.546 ms\n","level":"info"}
{"message":"    POST 200 /boards/45c5541b-b9ae-4428-a7a2-2db0e10fdd3e/tasks {} Body {\"title\":\"Task #5\",\"order\":5,\"description\":\"Lorem ipsum\",\"boardId\":\"45c5541b-b9ae-4428-a7a2-2db0e10fdd3e\",\"userId\":null,\"columnId\":null} size 180 - 0.518 ms\n","level":"info"}
{"message":"    GET 200 /boards/e73ffbec-449f-43b6-be28-965aa0aebb52/tasks/b8480129-f615-4b44-a6dd-1eb79a578cde {} Body {} size 164 - 0.447 ms\n","level":"info"}
{"message":"    DELETE 204 /boards/e73ffbec-449f-43b6-be28-965aa0aebb52/tasks/b4a710ea-ce36-46f6-8c76-03fcd409b31e {} Body {} size - - 0.592 ms\n","level":"info"}
{"message":"    GET 200 /boards/45c5541b-b9ae-4428-a7a2-2db0e10fdd3e/tasks/0f66d007-ad37-48ef-b6d5-676ff02d3dd7 {} Body {} size 180 - 0.916 ms\n","level":"info"}
{"message":"    GET 200 /boards/45c5541b-b9ae-4428-a7a2-2db0e10fdd3e/tasks/a0a94490-fede-4e00-b10d-4a6b86f2db1a {} Body {} size 180 - 0.510 ms\n","level":"info"}
{"message":"    DELETE 204 /boards/e73ffbec-449f-43b6-be28-965aa0aebb52/tasks/b8480129-f615-4b44-a6dd-1eb79a578cde {} Body {} size - - 0.521 ms\n","level":"info"}
{"message":"    GET 200 /boards/45c5541b-b9ae-4428-a7a2-2db0e10fdd3e/tasks/a82de2c8-2f2e-432b-ae37-aee95ab61b9d {} Body {} size 180 - 0.438 ms\n","level":"info"}
{"message":"    GET 200 /boards/45c5541b-b9ae-4428-a7a2-2db0e10fdd3e/tasks/ba9b9b56-902f-44ab-90ff-bc6b0e601e77 {} Body {} size 180 - 0.425 ms\n","level":"info"}
{"message":"    GET 200 /boards/45c5541b-b9ae-4428-a7a2-2db0e10fdd3e/tasks/cedaf0cd-8dfa-46f9-9236-8b11785a69fe {} Body {} size 180 - 0.494 ms\n","level":"info"}
{"message":"    DELETE 204 /boards/e73ffbec-449f-43b6-be28-965aa0aebb52 {} Body {} size - - 0.446 ms\n","level":"info"}
{"message":"    DELETE 204 /boards/45c5541b-b9ae-4428-a7a2-2db0e10fdd3e {} Body {} size - - 0.526 ms\n","level":"info"}
{"message":"   404 - Task not found - /boards/45c5541b-b9ae-4428-a7a2-2db0e10fdd3e/tasks/0f66d007-ad37-48ef-b6d5-676ff02d3dd7 - GET","level":"error"}
{"message":"    GET 404 /boards/45c5541b-b9ae-4428-a7a2-2db0e10fdd3e/tasks/0f66d007-ad37-48ef-b6d5-676ff02d3dd7 {} Body {} size 62 - 1.269 ms\n","level":"info"}
{"message":"   404 - Task not found - /boards/45c5541b-b9ae-4428-a7a2-2db0e10fdd3e/tasks/a0a94490-fede-4e00-b10d-4a6b86f2db1a - GET","level":"error"}
{"message":"    GET 404 /boards/45c5541b-b9ae-4428-a7a2-2db0e10fdd3e/tasks/a0a94490-fede-4e00-b10d-4a6b86f2db1a {} Body {} size 62 - 1.013 ms\n","level":"info"}
{"message":"   404 - Task not found - /boards/45c5541b-b9ae-4428-a7a2-2db0e10fdd3e/tasks/a82de2c8-2f2e-432b-ae37-aee95ab61b9d - GET","level":"error"}
{"message":"    GET 404 /boards/45c5541b-b9ae-4428-a7a2-2db0e10fdd3e/tasks/a82de2c8-2f2e-432b-ae37-aee95ab61b9d {} Body {} size 62 - 1.893 ms\n","level":"info"}
{"message":"   404 - Task not found - /boards/45c5541b-b9ae-4428-a7a2-2db0e10fdd3e/tasks/ba9b9b56-902f-44ab-90ff-bc6b0e601e77 - GET","level":"error"}
{"message":"    GET 404 /boards/45c5541b-b9ae-4428-a7a2-2db0e10fdd3e/tasks/ba9b9b56-902f-44ab-90ff-bc6b0e601e77 {} Body {} size 62 - 1.051 ms\n","level":"info"}
{"message":"   404 - Task not found - /boards/45c5541b-b9ae-4428-a7a2-2db0e10fdd3e/tasks/cedaf0cd-8dfa-46f9-9236-8b11785a69fe - GET","level":"error"}
{"message":"    GET 404 /boards/45c5541b-b9ae-4428-a7a2-2db0e10fdd3e/tasks/cedaf0cd-8dfa-46f9-9236-8b11785a69fe {} Body {} size 62 - 1.008 ms\n","level":"info"}
{"code":"EADDRINUSE","errno":"EADDRINUSE","syscall":"listen","address":"::","port":4000,"level":"info","message":"    Uncaught Exception thrown: listen EADDRINUSE: address already in use :::4000listen EADDRINUSE: address already in use :::4000","stack":"Error: listen EADDRINUSE: address already in use :::4000\n    at Server.setupListenHandle [as _listen2] (net.js:1309:16)\n    at listenInCluster (net.js:1357:12)\n    at Server.listen (net.js:1445:7)\n    at Function.listen (/home/natalie/node-course/nodejs-course/node_modules/express/lib/application.js:618:24)\n    at Object.<anonymous> (/home/natalie/node-course/nodejs-course/src/server.js:13:5)\n    at Module._compile (internal/modules/cjs/loader.js:1158:30)\n    at Object.Module._extensions..js (internal/modules/cjs/loader.js:1178:10)\n    at Module.load (internal/modules/cjs/loader.js:1002:32)\n    at Function.Module._load (internal/modules/cjs/loader.js:901:14)\n    at Function.executeUserEntryPoint [as runMain] (internal/modules/run_main.js:74:12)"}
{"code":"EADDRINUSE","errno":"EADDRINUSE","syscall":"listen","address":"::","port":4000,"level":"error","message":"   Uncaught Exception thrown: listen EADDRINUSE: address already in use :::4000listen EADDRINUSE: address already in use :::4000","stack":"Error: listen EADDRINUSE: address already in use :::4000\n    at Server.setupListenHandle [as _listen2] (net.js:1309:16)\n    at listenInCluster (net.js:1357:12)\n    at Server.listen (net.js:1445:7)\n    at Function.listen (/home/natalie/node-course/nodejs-course/node_modules/express/lib/application.js:618:24)\n    at Object.<anonymous> (/home/natalie/node-course/nodejs-course/src/server.js:13:5)\n    at Module._compile (internal/modules/cjs/loader.js:1158:30)\n    at Object.Module._extensions..js (internal/modules/cjs/loader.js:1178:10)\n    at Module.load (internal/modules/cjs/loader.js:1002:32)\n    at Function.Module._load (internal/modules/cjs/loader.js:901:14)\n    at Function.executeUserEntryPoint [as runMain] (internal/modules/run_main.js:74:12)"}
{"code":"EADDRINUSE","errno":"EADDRINUSE","syscall":"listen","address":"::","port":4000,"level":"error","message":"   Uncaught Exception thrown: listen EADDRINUSE: address already in use :::4000listen EADDRINUSE: address already in use :::4000","stack":"Error: listen EADDRINUSE: address already in use :::4000\n    at Server.setupListenHandle [as _listen2] (net.js:1309:16)\n    at listenInCluster (net.js:1357:12)\n    at Server.listen (net.js:1445:7)\n    at Function.listen (/home/natalie/node-course/nodejs-course/node_modules/express/lib/application.js:618:24)\n    at Object.<anonymous> (/home/natalie/node-course/nodejs-course/src/server.js:13:5)\n    at Module._compile (internal/modules/cjs/loader.js:1158:30)\n    at Object.Module._extensions..js (internal/modules/cjs/loader.js:1178:10)\n    at Module.load (internal/modules/cjs/loader.js:1002:32)\n    at Function.Module._load (internal/modules/cjs/loader.js:901:14)\n    at Function.executeUserEntryPoint [as runMain] (internal/modules/run_main.js:74:12)"}
{"code":"EADDRINUSE","errno":"EADDRINUSE","syscall":"listen","address":"::","port":4000,"level":"error","message":"   Uncaught Exception thrown: listen EADDRINUSE: address already in use :::4000listen EADDRINUSE: address already in use :::4000","stack":"Error: listen EADDRINUSE: address already in use :::4000\n    at Server.setupListenHandle [as _listen2] (net.js:1309:16)\n    at listenInCluster (net.js:1357:12)\n    at Server.listen (net.js:1445:7)\n    at Function.listen (/home/natalie/node-course/nodejs-course/node_modules/express/lib/application.js:618:24)\n    at Object.<anonymous> (/home/natalie/node-course/nodejs-course/src/server.js:13:5)\n    at Module._compile (internal/modules/cjs/loader.js:1158:30)\n    at Object.Module._extensions..js (internal/modules/cjs/loader.js:1178:10)\n    at Module.load (internal/modules/cjs/loader.js:1002:32)\n    at Function.Module._load (internal/modules/cjs/loader.js:901:14)\n    at Function.executeUserEntryPoint [as runMain] (internal/modules/run_main.js:74:12)"}
{"code":"EADDRINUSE","errno":"EADDRINUSE","syscall":"listen","address":"::","port":4000,"level":"error","message":"   Uncaught Exception thrown: listen EADDRINUSE: address already in use :::4000listen EADDRINUSE: address already in use :::4000","stack":"Error: listen EADDRINUSE: address already in use :::4000\n    at Server.setupListenHandle [as _listen2] (net.js:1309:16)\n    at listenInCluster (net.js:1357:12)\n    at Server.listen (net.js:1445:7)\n    at Function.listen (/home/natalie/node-course/nodejs-course/node_modules/express/lib/application.js:618:24)\n    at Object.<anonymous> (/home/natalie/node-course/nodejs-course/src/server.js:13:5)\n    at Module._compile (internal/modules/cjs/loader.js:1158:30)\n    at Object.Module._extensions..js (internal/modules/cjs/loader.js:1178:10)\n    at Module.load (internal/modules/cjs/loader.js:1002:32)\n    at Function.Module._load (internal/modules/cjs/loader.js:901:14)\n    at Function.executeUserEntryPoint [as runMain] (internal/modules/run_main.js:74:12)"}
{"code":"EADDRINUSE","errno":"EADDRINUSE","syscall":"listen","address":"::","port":4000,"level":"error","message":"   Uncaught Exception thrown: listen EADDRINUSE: address already in use :::4000listen EADDRINUSE: address already in use :::4000","stack":"Error: listen EADDRINUSE: address already in use :::4000\n    at Server.setupListenHandle [as _listen2] (net.js:1309:16)\n    at listenInCluster (net.js:1357:12)\n    at Server.listen (net.js:1445:7)\n    at Function.listen (/home/natalie/node-course/nodejs-course/node_modules/express/lib/application.js:618:24)\n    at Object.<anonymous> (/home/natalie/node-course/nodejs-course/src/server.js:13:5)\n    at Module._compile (internal/modules/cjs/loader.js:1158:30)\n    at Object.Module._extensions..js (internal/modules/cjs/loader.js:1178:10)\n    at Module.load (internal/modules/cjs/loader.js:1002:32)\n    at Function.Module._load (internal/modules/cjs/loader.js:901:14)\n    at Function.executeUserEntryPoint [as runMain] (internal/modules/run_main.js:74:12)"}
{"code":"EADDRINUSE","errno":"EADDRINUSE","syscall":"listen","address":"::","port":4000,"level":"error","message":"   Uncaught Exception thrown: listen EADDRINUSE: address already in use :::4000listen EADDRINUSE: address already in use :::4000","stack":"Error: listen EADDRINUSE: address already in use :::4000\n    at Server.setupListenHandle [as _listen2] (net.js:1309:16)\n    at listenInCluster (net.js:1357:12)\n    at Server.listen (net.js:1445:7)\n    at Function.listen (/home/natalie/node-course/nodejs-course/node_modules/express/lib/application.js:618:24)\n    at Object.<anonymous> (/home/natalie/node-course/nodejs-course/src/server.js:13:5)\n    at Module._compile (internal/modules/cjs/loader.js:1158:30)\n    at Object.Module._extensions..js (internal/modules/cjs/loader.js:1178:10)\n    at Module.load (internal/modules/cjs/loader.js:1002:32)\n    at Function.Module._load (internal/modules/cjs/loader.js:901:14)\n    at Function.executeUserEntryPoint [as runMain] (internal/modules/run_main.js:74:12)"}
{"code":"EADDRINUSE","errno":"EADDRINUSE","syscall":"listen","address":"::","port":4000,"level":"error","message":"   Uncaught Exception thrown: listen EADDRINUSE: address already in use :::4000listen EADDRINUSE: address already in use :::4000","stack":"Error: listen EADDRINUSE: address already in use :::4000\n    at Server.setupListenHandle [as _listen2] (net.js:1309:16)\n    at listenInCluster (net.js:1357:12)\n    at Server.listen (net.js:1445:7)\n    at Function.listen (/home/natalie/node-course/nodejs-course/node_modules/express/lib/application.js:618:24)\n    at Object.<anonymous> (/home/natalie/node-course/nodejs-course/src/server.js:13:5)\n    at Module._compile (internal/modules/cjs/loader.js:1158:30)\n    at Object.Module._extensions..js (internal/modules/cjs/loader.js:1178:10)\n    at Module.load (internal/modules/cjs/loader.js:1002:32)\n    at Function.Module._load (internal/modules/cjs/loader.js:901:14)\n    at Function.executeUserEntryPoint [as runMain] (internal/modules/run_main.js:74:12)"}
{"message":"    POST 200 /boards {} Body {\"title\":\"Autotest board\",\"columns\":[{\"title\":\"Backlog\",\"order\":1},{\"title\":\"Sprint\",\"order\":2}]} size 229 - 53.879 ms\n","level":"info"}
{"message":"    POST 200 /boards {} Body {\"title\":\"Autotest board\",\"columns\":[{\"title\":\"Backlog\",\"order\":1},{\"title\":\"Sprint\",\"order\":2}]} size 229 - 1.060 ms\n","level":"info"}
{"message":"    GET 200 /users {} Body {} size 162 - 1.431 ms\n","level":"info"}
{"message":"    POST 200 /boards/72acb008-ac5d-4a19-b7f9-ba3863926687/tasks {} Body {\"title\":\"Autotest task\",\"order\":0,\"description\":\"Lorem ipsum\",\"userId\":null,\"boardId\":null,\"columnId\":null} size 186 - 2.092 ms\n","level":"info"}
{"message":"    GET 200 /boards {} Body {} size 628 - 4.609 ms\n","level":"info"}
{"message":"    POST 200 /users {} Body {\"name\":\"TEST_USER\",\"login\":\"test_user\",\"password\":\"T35t_P@55w0rd\"} size 84 - 1.642 ms\n","level":"info"}
{"message":"    GET 200 /boards/72acb008-ac5d-4a19-b7f9-ba3863926687/tasks {} Body {} size 188 - 5.563 ms\n","level":"info"}
{"message":"    GET 200 /users {} Body {} size 247 - 0.759 ms\n","level":"info"}
{"message":"    GET 200 /boards {} Body {} size 628 - 0.703 ms\n","level":"info"}
{"message":"    GET 200 /users/683f2232-9574-401e-8e6c-8e64bc7c0a01 {} Body {} size 77 - 1.735 ms\n","level":"info"}
{"message":"    GET 200 /boards/6072bace-a710-4616-9d77-c1c800f088ba {} Body {} size 82 - 1.079 ms\n","level":"info"}
{"message":"    GET 200 /boards/72acb008-ac5d-4a19-b7f9-ba3863926687/tasks {} Body {} size 188 - 0.666 ms\n","level":"info"}
{"message":"    DELETE 204 /users/683f2232-9574-401e-8e6c-8e64bc7c0a01 {} Body {} size - - 2.783 ms\n","level":"info"}
{"message":"    POST 200 /boards {} Body {\"title\":\"Autotest board\",\"columns\":[{\"title\":\"Backlog\",\"order\":1},{\"title\":\"Sprint\",\"order\":2}]} size 229 - 0.602 ms\n","level":"info"}
{"message":"    GET 200 /boards/72acb008-ac5d-4a19-b7f9-ba3863926687/tasks/3993ef9f-5134-4bc8-8d63-c5bc50e61f6d {} Body {} size 186 - 1.031 ms\n","level":"info"}
{"message":"    POST 200 /users {} Body {\"name\":\"TEST_USER\",\"login\":\"test_user\",\"password\":\"T35t_P@55w0rd\"} size 84 - 0.713 ms\n","level":"info"}
{"message":"    DELETE 204 /boards/023e1b44-609c-487a-8101-cd6c81e47737 {} Body {} size - - 1.111 ms\n","level":"info"}
{"message":"    POST 200 /boards/72acb008-ac5d-4a19-b7f9-ba3863926687/tasks {} Body {\"title\":\"Autotest task\",\"order\":0,\"description\":\"Lorem ipsum\",\"userId\":null,\"boardId\":null,\"columnId\":null} size 186 - 0.706 ms\n","level":"info"}
{"message":"    POST 200 /boards {} Body {\"title\":\"Autotest board\",\"columns\":[{\"title\":\"Backlog\",\"order\":1},{\"title\":\"Sprint\",\"order\":2}]} size 229 - 0.808 ms\n","level":"info"}
{"message":"    DELETE 204 /users/86291e8d-d1df-4052-9990-181c462ff244 {} Body {} size - - 0.735 ms\n","level":"info"}
{"message":"    DELETE 204 /boards/72acb008-ac5d-4a19-b7f9-ba3863926687/tasks/e228d7c1-f9f7-47c8-a889-dd0c1d0a5b28 {} Body {} size - - 1.206 ms\n","level":"info"}
{"message":"    PUT 200 /boards/1b4ddbcb-58a9-4a2f-bb84-d1e31835e958 {} Body {\"id\":\"1b4ddbcb-58a9-4a2f-bb84-d1e31835e958\",\"title\":\"Autotest updated board\",\"columns\":[{\"id\":\"7ce788de-178e-4105-9aa0-78038da76c41\",\"title\":\"Backlog\",\"order\":1},{\"id\":\"71035648-614c-4b0a-a8cc-c566deb84ac9\",\"title\":\"Sprint\",\"order\":2}]} size 229 - 1.143 ms\n","level":"info"}
{"message":"    POST 200 /users {} Body {\"name\":\"TEST_USER\",\"login\":\"test_user\",\"password\":\"T35t_P@55w0rd\"} size 84 - 0.678 ms\n","level":"info"}
{"message":"    POST 200 /boards/72acb008-ac5d-4a19-b7f9-ba3863926687/tasks {} Body {\"title\":\"Autotest task\",\"order\":0,\"description\":\"Lorem ipsum\",\"userId\":null,\"boardId\":null,\"columnId\":null} size 186 - 0.724 ms\n","level":"info"}
{"message":"    GET 200 /boards/1b4ddbcb-58a9-4a2f-bb84-d1e31835e958 {} Body {} size 237 - 0.699 ms\n","level":"info"}
{"message":"    PUT 200 /users/e29ac36e-4cce-4a21-91e0-f849708dfb44 {} Body {\"name\":\"Autotest updated TEST_USER\",\"login\":\"test_user\",\"password\":\"T35t_P@55w0rd\",\"id\":\"e29ac36e-4cce-4a21-91e0-f849708dfb44\"} size 111 - 3.507 ms\n","level":"info"}
{"message":"    PUT 200 /boards/72acb008-ac5d-4a19-b7f9-ba3863926687/tasks/43775833-637c-4200-bc72-83f203a271f1 {} Body {\"id\":\"43775833-637c-4200-bc72-83f203a271f1\",\"title\":\"Autotest updated task\",\"order\":0,\"description\":\"Lorem ipsum\",\"userId\":null,\"boardId\":\"72acb008-ac5d-4a19-b7f9-ba3863926687\",\"columnId\":null} size 186 - 1.125 ms\n","level":"info"}
{"message":"    DELETE 204 /boards/1b4ddbcb-58a9-4a2f-bb84-d1e31835e958 {} Body {} size - - 0.616 ms\n","level":"info"}
{"message":"    GET 200 /users/e29ac36e-4cce-4a21-91e0-f849708dfb44 {} Body {} size 101 - 0.680 ms\n","level":"info"}
{"message":"    GET 200 /boards/72acb008-ac5d-4a19-b7f9-ba3863926687/tasks/43775833-637c-4200-bc72-83f203a271f1 {} Body {} size 194 - 0.525 ms\n","level":"info"}
{"message":"    GET 200 /boards {} Body {} size 628 - 0.456 ms\n","level":"info"}
{"message":"    DELETE 204 /users/e29ac36e-4cce-4a21-91e0-f849708dfb44 {} Body {} size - - 0.695 ms\n","level":"info"}
{"message":"    GET 200 /boards/72acb008-ac5d-4a19-b7f9-ba3863926687/tasks/3993ef9f-5134-4bc8-8d63-c5bc50e61f6d {} Body {} size 186 - 0.864 ms\n","level":"info"}
{"message":"    DELETE 204 /boards/6072bace-a710-4616-9d77-c1c800f088ba {} Body {} size - - 0.568 ms\n","level":"info"}
{"message":"    POST 200 /users {} Body {\"name\":\"TEST_USER\",\"login\":\"test_user\",\"password\":\"T35t_P@55w0rd\"} size 84 - 0.607 ms\n","level":"info"}
{"message":"    DELETE 204 /boards/72acb008-ac5d-4a19-b7f9-ba3863926687/tasks/3993ef9f-5134-4bc8-8d63-c5bc50e61f6d {} Body {} size - - 0.568 ms\n","level":"info"}
{"message":"   404 - Can't get board with 6072bace-a710-4616-9d77-c1c800f088ba - /boards/6072bace-a710-4616-9d77-c1c800f088ba - GET","level":"error"}
{"message":"    GET 404 /boards/6072bace-a710-4616-9d77-c1c800f088ba {} Body {} size 105 - 2.123 ms\n","level":"info"}
{"message":"    DELETE 204 /users/c7d4575d-4f26-4e5f-a3f2-b842c65e5269 {} Body {} size - - 0.653 ms\n","level":"info"}
{"message":"   404 - Task not found - /boards/3993ef9f-5134-4bc8-8d63-c5bc50e61f6d/tasks/undefined - GET","level":"error"}
{"message":"    GET 404 /boards/3993ef9f-5134-4bc8-8d63-c5bc50e61f6d/tasks/undefined {} Body {} size 62 - 1.429 ms\n","level":"info"}
{"message":"    POST 200 /boards {} Body {\"title\":\"Autotest board\",\"columns\":[{\"title\":\"Backlog\",\"order\":1},{\"title\":\"Sprint\",\"order\":2}]} size 229 - 0.632 ms\n","level":"info"}
{"message":"    POST 200 /users {} Body {\"name\":\"TEST_USER\",\"login\":\"test_user\",\"password\":\"T35t_P@55w0rd\"} size 84 - 0.646 ms\n","level":"info"}
{"message":"    DELETE 204 /boards/72acb008-ac5d-4a19-b7f9-ba3863926687 {} Body {} size - - 0.549 ms\n","level":"info"}
{"message":"    POST 200 /boards {} Body {\"title\":\"Autotest board\",\"columns\":[{\"title\":\"Backlog\",\"order\":1},{\"title\":\"Sprint\",\"order\":2}]} size 229 - 0.748 ms\n","level":"info"}
{"message":"    POST 200 /boards/7d209f9e-a1b2-4d7b-b6c6-2020e845e0fd/tasks {} Body {\"title\":\"Task #1\",\"order\":1,\"description\":\"Lorem ipsum\",\"boardId\":\"7d209f9e-a1b2-4d7b-b6c6-2020e845e0fd\",\"userId\":null,\"columnId\":null} size 180 - 0.590 ms\n","level":"info"}
{"message":"    POST 200 /boards/7d209f9e-a1b2-4d7b-b6c6-2020e845e0fd/tasks {} Body {\"title\":\"Task #2\",\"order\":2,\"description\":\"Lorem ipsum\",\"boardId\":\"7d209f9e-a1b2-4d7b-b6c6-2020e845e0fd\",\"userId\":null,\"columnId\":null} size 180 - 1.967 ms\n","level":"info"}
{"message":"    POST 200 /boards/7d209f9e-a1b2-4d7b-b6c6-2020e845e0fd/tasks {} Body {\"title\":\"Task #3\",\"order\":3,\"description\":\"Lorem ipsum\",\"boardId\":\"7d209f9e-a1b2-4d7b-b6c6-2020e845e0fd\",\"userId\":null,\"columnId\":null} size 180 - 0.830 ms\n","level":"info"}
{"message":"    POST 200 /boards/7d209f9e-a1b2-4d7b-b6c6-2020e845e0fd/tasks {} Body {\"title\":\"Task #4\",\"order\":4,\"description\":\"Lorem ipsum\",\"boardId\":\"7d209f9e-a1b2-4d7b-b6c6-2020e845e0fd\",\"userId\":null,\"columnId\":null} size 180 - 0.648 ms\n","level":"info"}
{"message":"    POST 200 /boards/7d209f9e-a1b2-4d7b-b6c6-2020e845e0fd/tasks {} Body {\"title\":\"Task #5\",\"order\":5,\"description\":\"Lorem ipsum\",\"boardId\":\"7d209f9e-a1b2-4d7b-b6c6-2020e845e0fd\",\"userId\":null,\"columnId\":null} size 180 - 0.648 ms\n","level":"info"}
{"message":"    POST 200 /boards/752bd9f0-cfa4-4e5a-9191-bc81ee77f45e/tasks {} Body {\"title\":\"Task #1\",\"order\":1,\"description\":\"Lorem ipsum\",\"userId\":\"fecbdc41-b5fa-4ea9-95ba-097ef70ae851\",\"boardId\":\"752bd9f0-cfa4-4e5a-9191-bc81ee77f45e\"} size 198 - 0.667 ms\n","level":"info"}
{"message":"    POST 200 /boards/752bd9f0-cfa4-4e5a-9191-bc81ee77f45e/tasks {} Body {\"title\":\"Task #2\",\"order\":2,\"description\":\"Lorem ipsum\",\"userId\":\"fecbdc41-b5fa-4ea9-95ba-097ef70ae851\",\"boardId\":\"752bd9f0-cfa4-4e5a-9191-bc81ee77f45e\"} size 198 - 0.642 ms\n","level":"info"}
{"message":"    DELETE 204 /users/fecbdc41-b5fa-4ea9-95ba-097ef70ae851 {} Body {} size - - 0.711 ms\n","level":"info"}
{"message":"    GET 200 /boards/7d209f9e-a1b2-4d7b-b6c6-2020e845e0fd/tasks/cf32e594-ebd9-40fe-b1d8-99cab7641e33 {} Body {} size 180 - 0.460 ms\n","level":"info"}
{"message":"    GET 200 /boards/7d209f9e-a1b2-4d7b-b6c6-2020e845e0fd/tasks/450422bd-2f6c-4408-8ef4-b5d476a68a35 {} Body {} size 180 - 0.564 ms\n","level":"info"}
{"message":"    GET 200 /boards/7d209f9e-a1b2-4d7b-b6c6-2020e845e0fd/tasks/45f95682-d8e0-449b-a684-cc67aba752d8 {} Body {} size 180 - 0.742 ms\n","level":"info"}
{"message":"    GET 200 /boards/7d209f9e-a1b2-4d7b-b6c6-2020e845e0fd/tasks/352b2d07-e6b1-467d-87d6-7a55d971ba7e {} Body {} size 180 - 0.663 ms\n","level":"info"}
{"message":"    GET 200 /boards/7d209f9e-a1b2-4d7b-b6c6-2020e845e0fd/tasks/d5da6634-4207-4968-a32e-c7651fbfca07 {} Body {} size 180 - 0.480 ms\n","level":"info"}
{"message":"    GET 200 /boards/752bd9f0-cfa4-4e5a-9191-bc81ee77f45e/tasks/28f323f2-a5b1-499e-9aba-2cbf86e8555c {} Body {} size 164 - 0.628 ms\n","level":"info"}
{"message":"    DELETE 204 /boards/7d209f9e-a1b2-4d7b-b6c6-2020e845e0fd {} Body {} size - - 0.552 ms\n","level":"info"}
{"message":"    GET 200 /boards/752bd9f0-cfa4-4e5a-9191-bc81ee77f45e/tasks/a891d656-941e-4695-842f-ee6dd8560955 {} Body {} size 164 - 0.719 ms\n","level":"info"}
{"message":"   404 - Task not found - /boards/7d209f9e-a1b2-4d7b-b6c6-2020e845e0fd/tasks/cf32e594-ebd9-40fe-b1d8-99cab7641e33 - GET","level":"error"}
{"message":"    GET 404 /boards/7d209f9e-a1b2-4d7b-b6c6-2020e845e0fd/tasks/cf32e594-ebd9-40fe-b1d8-99cab7641e33 {} Body {} size 62 - 1.529 ms\n","level":"info"}
{"message":"    DELETE 204 /boards/752bd9f0-cfa4-4e5a-9191-bc81ee77f45e/tasks/28f323f2-a5b1-499e-9aba-2cbf86e8555c {} Body {} size - - 0.494 ms\n","level":"info"}
{"message":"    DELETE 204 /boards/752bd9f0-cfa4-4e5a-9191-bc81ee77f45e/tasks/a891d656-941e-4695-842f-ee6dd8560955 {} Body {} size - - 0.516 ms\n","level":"info"}
{"message":"   404 - Task not found - /boards/7d209f9e-a1b2-4d7b-b6c6-2020e845e0fd/tasks/450422bd-2f6c-4408-8ef4-b5d476a68a35 - GET","level":"error"}
{"message":"    GET 404 /boards/7d209f9e-a1b2-4d7b-b6c6-2020e845e0fd/tasks/450422bd-2f6c-4408-8ef4-b5d476a68a35 {} Body {} size 62 - 1.416 ms\n","level":"info"}
{"message":"   404 - Task not found - /boards/7d209f9e-a1b2-4d7b-b6c6-2020e845e0fd/tasks/352b2d07-e6b1-467d-87d6-7a55d971ba7e - GET","level":"error"}
{"message":"    GET 404 /boards/7d209f9e-a1b2-4d7b-b6c6-2020e845e0fd/tasks/352b2d07-e6b1-467d-87d6-7a55d971ba7e {} Body {} size 62 - 1.076 ms\n","level":"info"}
{"message":"   404 - Task not found - /boards/7d209f9e-a1b2-4d7b-b6c6-2020e845e0fd/tasks/d5da6634-4207-4968-a32e-c7651fbfca07 - GET","level":"error"}
{"message":"    GET 404 /boards/7d209f9e-a1b2-4d7b-b6c6-2020e845e0fd/tasks/d5da6634-4207-4968-a32e-c7651fbfca07 {} Body {} size 62 - 1.070 ms\n","level":"info"}
{"message":"   404 - Task not found - /boards/7d209f9e-a1b2-4d7b-b6c6-2020e845e0fd/tasks/45f95682-d8e0-449b-a684-cc67aba752d8 - GET","level":"error"}
{"message":"    GET 404 /boards/7d209f9e-a1b2-4d7b-b6c6-2020e845e0fd/tasks/45f95682-d8e0-449b-a684-cc67aba752d8 {} Body {} size 62 - 1.152 ms\n","level":"info"}
{"message":"    DELETE 204 /boards/752bd9f0-cfa4-4e5a-9191-bc81ee77f45e {} Body {} size - - 0.588 ms\n","level":"info"}
{"message":"    GET 200 /users {} Body {} size 169 - 0.651 ms\n","level":"info"}
{"message":"    POST 200 /boards {} Body {\"title\":\"Autotest board\",\"columns\":[{\"title\":\"Backlog\",\"order\":1},{\"title\":\"Sprint\",\"order\":2}]} size 229 - 0.633 ms\n","level":"info"}
{"message":"    POST 200 /boards {} Body {\"title\":\"Autotest board\",\"columns\":[{\"title\":\"Backlog\",\"order\":1},{\"title\":\"Sprint\",\"order\":2}]} size 229 - 0.587 ms\n","level":"info"}
{"message":"    GET 200 /boards {} Body {} size 775 - 0.456 ms\n","level":"info"}
{"message":"    POST 200 /boards/51b829bd-cf60-4e2d-9b9a-5434ae898be3/tasks {} Body {\"title\":\"Autotest task\",\"order\":0,\"description\":\"Lorem ipsum\",\"userId\":null,\"boardId\":null,\"columnId\":null} size 186 - 0.672 ms\n","level":"info"}
{"message":"    POST 200 /users {} Body {\"name\":\"TEST_USER\",\"login\":\"test_user\",\"password\":\"T35t_P@55w0rd\"} size 84 - 0.693 ms\n","level":"info"}
{"message":"    GET 200 /boards/51b829bd-cf60-4e2d-9b9a-5434ae898be3/tasks {} Body {} size 188 - 0.595 ms\n","level":"info"}
{"message":"    GET 200 /users {} Body {} size 254 - 0.603 ms\n","level":"info"}
{"message":"    GET 200 /boards {} Body {} size 775 - 0.472 ms\n","level":"info"}
{"message":"    GET 200 /users/c8e927fa-9c15-47a1-aee4-906e63bb1905 {} Body {} size 82 - 0.647 ms\n","level":"info"}
{"message":"    GET 200 /boards/c6d0506f-41be-440b-a52f-ebc5e19e9cbc {} Body {} size 83 - 0.619 ms\n","level":"info"}
{"message":"    DELETE 204 /users/c8e927fa-9c15-47a1-aee4-906e63bb1905 {} Body {} size - - 0.582 ms\n","level":"info"}
{"message":"    GET 200 /boards/51b829bd-cf60-4e2d-9b9a-5434ae898be3/tasks {} Body {} size 188 - 0.456 ms\n","level":"info"}
{"message":"    POST 200 /boards {} Body {\"title\":\"Autotest board\",\"columns\":[{\"title\":\"Backlog\",\"order\":1},{\"title\":\"Sprint\",\"order\":2}]} size 229 - 0.589 ms\n","level":"info"}
{"message":"    POST 200 /users {} Body {\"name\":\"TEST_USER\",\"login\":\"test_user\",\"password\":\"T35t_P@55w0rd\"} size 84 - 0.536 ms\n","level":"info"}
{"message":"    GET 200 /boards/51b829bd-cf60-4e2d-9b9a-5434ae898be3/tasks/f2c839d8-f234-49d7-9083-7ee951002636 {} Body {} size 186 - 0.532 ms\n","level":"info"}
{"message":"    DELETE 204 /boards/3941e4a8-97f3-41cf-9926-52d66205ae0f {} Body {} size - - 0.475 ms\n","level":"info"}
{"message":"    POST 200 /boards {} Body {\"title\":\"Autotest board\",\"columns\":[{\"title\":\"Backlog\",\"order\":1},{\"title\":\"Sprint\",\"order\":2}]} size 229 - 0.584 ms\n","level":"info"}
{"message":"    POST 200 /boards/51b829bd-cf60-4e2d-9b9a-5434ae898be3/tasks {} Body {\"title\":\"Autotest task\",\"order\":0,\"description\":\"Lorem ipsum\",\"userId\":null,\"boardId\":null,\"columnId\":null} size 186 - 0.695 ms\n","level":"info"}
{"message":"    DELETE 204 /users/4327448f-99ba-4d11-90c4-b06e462968df {} Body {} size - - 0.776 ms\n","level":"info"}
{"message":"    PUT 200 /boards/e70946cf-9697-473e-96fc-150fbe014805 {} Body {\"id\":\"e70946cf-9697-473e-96fc-150fbe014805\",\"title\":\"Autotest updated board\",\"columns\":[{\"id\":\"0eb07e21-a9e3-4053-a2b2-a9d713892102\",\"title\":\"Backlog\",\"order\":1},{\"id\":\"9ce5c0b2-1067-4f64-b94d-486b48f80bd3\",\"title\":\"Sprint\",\"order\":2}]} size 229 - 0.613 ms\n","level":"info"}
{"message":"    DELETE 204 /boards/51b829bd-cf60-4e2d-9b9a-5434ae898be3/tasks/d479936c-70b8-432e-ba50-cb7c31d140e7 {} Body {} size - - 0.779 ms\n","level":"info"}
{"message":"    POST 200 /users {} Body {\"name\":\"TEST_USER\",\"login\":\"test_user\",\"password\":\"T35t_P@55w0rd\"} size 84 - 0.570 ms\n","level":"info"}
{"message":"    PUT 200 /users/7a9fa4b8-9631-495d-85ff-64a9d677ef44 {} Body {\"name\":\"Autotest updated TEST_USER\",\"login\":\"test_user\",\"password\":\"T35t_P@55w0rd\",\"id\":\"7a9fa4b8-9631-495d-85ff-64a9d677ef44\"} size 111 - 0.424 ms\n","level":"info"}
{"message":"    GET 200 /boards/e70946cf-9697-473e-96fc-150fbe014805 {} Body {} size 237 - 0.707 ms\n","level":"info"}
{"message":"    POST 200 /boards/51b829bd-cf60-4e2d-9b9a-5434ae898be3/tasks {} Body {\"title\":\"Autotest task\",\"order\":0,\"description\":\"Lorem ipsum\",\"userId\":null,\"boardId\":null,\"columnId\":null} size 186 - 0.597 ms\n","level":"info"}
{"message":"    GET 200 /users/7a9fa4b8-9631-495d-85ff-64a9d677ef44 {} Body {} size 101 - 0.612 ms\n","level":"info"}
{"message":"    DELETE 204 /boards/e70946cf-9697-473e-96fc-150fbe014805 {} Body {} size - - 0.548 ms\n","level":"info"}
{"message":"    PUT 200 /boards/51b829bd-cf60-4e2d-9b9a-5434ae898be3/tasks/4f2d76e9-ed79-48ab-b7cd-96acb29688a4 {} Body {\"id\":\"4f2d76e9-ed79-48ab-b7cd-96acb29688a4\",\"title\":\"Autotest updated task\",\"order\":0,\"description\":\"Lorem ipsum\",\"userId\":null,\"boardId\":\"51b829bd-cf60-4e2d-9b9a-5434ae898be3\",\"columnId\":null} size 186 - 0.550 ms\n","level":"info"}
{"message":"    DELETE 204 /users/7a9fa4b8-9631-495d-85ff-64a9d677ef44 {} Body {} size - - 0.630 ms\n","level":"info"}
{"message":"    GET 200 /boards/51b829bd-cf60-4e2d-9b9a-5434ae898be3/tasks/4f2d76e9-ed79-48ab-b7cd-96acb29688a4 {} Body {} size 194 - 0.517 ms\n","level":"info"}
{"message":"    GET 200 /boards {} Body {} size 775 - 0.452 ms\n","level":"info"}
{"message":"    POST 200 /users {} Body {\"name\":\"TEST_USER\",\"login\":\"test_user\",\"password\":\"T35t_P@55w0rd\"} size 84 - 0.565 ms\n","level":"info"}
{"message":"    DELETE 204 /boards/c6d0506f-41be-440b-a52f-ebc5e19e9cbc {} Body {} size - - 0.479 ms\n","level":"info"}
{"message":"    DELETE 204 /users/341b5fcb-1e9c-4ef3-82ae-c38eeaef1106 {} Body {} size - - 0.625 ms\n","level":"info"}
{"message":"    GET 200 /boards/51b829bd-cf60-4e2d-9b9a-5434ae898be3/tasks/f2c839d8-f234-49d7-9083-7ee951002636 {} Body {} size 186 - 0.561 ms\n","level":"info"}
{"message":"   404 - Can't get board with c6d0506f-41be-440b-a52f-ebc5e19e9cbc - /boards/c6d0506f-41be-440b-a52f-ebc5e19e9cbc - GET","level":"error"}
{"message":"    GET 404 /boards/c6d0506f-41be-440b-a52f-ebc5e19e9cbc {} Body {} size 105 - 1.254 ms\n","level":"info"}
{"message":"    POST 200 /users {} Body {\"name\":\"TEST_USER\",\"login\":\"test_user\",\"password\":\"T35t_P@55w0rd\"} size 84 - 0.577 ms\n","level":"info"}
{"message":"    DELETE 204 /boards/51b829bd-cf60-4e2d-9b9a-5434ae898be3/tasks/f2c839d8-f234-49d7-9083-7ee951002636 {} Body {} size - - 0.569 ms\n","level":"info"}
{"message":"    POST 200 /boards {} Body {\"title\":\"Autotest board\",\"columns\":[{\"title\":\"Backlog\",\"order\":1},{\"title\":\"Sprint\",\"order\":2}]} size 229 - 0.680 ms\n","level":"info"}
{"message":"    POST 200 /boards {} Body {\"title\":\"Autotest board\",\"columns\":[{\"title\":\"Backlog\",\"order\":1},{\"title\":\"Sprint\",\"order\":2}]} size 229 - 0.630 ms\n","level":"info"}
{"message":"   404 - Task not found - /boards/f2c839d8-f234-49d7-9083-7ee951002636/tasks/undefined - GET","level":"error"}
{"message":"    GET 404 /boards/f2c839d8-f234-49d7-9083-7ee951002636/tasks/undefined {} Body {} size 62 - 3.240 ms\n","level":"info"}
{"message":"    POST 200 /boards/54626f5a-349a-423a-8cf4-0443080b4a8d/tasks {} Body {\"title\":\"Task #1\",\"order\":1,\"description\":\"Lorem ipsum\",\"boardId\":\"54626f5a-349a-423a-8cf4-0443080b4a8d\",\"userId\":null,\"columnId\":null} size 180 - 0.691 ms\n","level":"info"}
{"message":"    POST 200 /boards/54626f5a-349a-423a-8cf4-0443080b4a8d/tasks {} Body {\"title\":\"Task #2\",\"order\":2,\"description\":\"Lorem ipsum\",\"boardId\":\"54626f5a-349a-423a-8cf4-0443080b4a8d\",\"userId\":null,\"columnId\":null} size 180 - 0.618 ms\n","level":"info"}
{"message":"    POST 200 /boards/54626f5a-349a-423a-8cf4-0443080b4a8d/tasks {} Body {\"title\":\"Task #3\",\"order\":3,\"description\":\"Lorem ipsum\",\"boardId\":\"54626f5a-349a-423a-8cf4-0443080b4a8d\",\"userId\":null,\"columnId\":null} size 180 - 0.498 ms\n","level":"info"}
{"message":"    POST 200 /boards/54626f5a-349a-423a-8cf4-0443080b4a8d/tasks {} Body {\"title\":\"Task #4\",\"order\":4,\"description\":\"Lorem ipsum\",\"boardId\":\"54626f5a-349a-423a-8cf4-0443080b4a8d\",\"userId\":null,\"columnId\":null} size 180 - 0.526 ms\n","level":"info"}
{"message":"    POST 200 /boards/54626f5a-349a-423a-8cf4-0443080b4a8d/tasks {} Body {\"title\":\"Task #5\",\"order\":5,\"description\":\"Lorem ipsum\",\"boardId\":\"54626f5a-349a-423a-8cf4-0443080b4a8d\",\"userId\":null,\"columnId\":null} size 180 - 0.495 ms\n","level":"info"}
{"message":"    POST 200 /boards/ebbddbaa-fe26-4e95-988a-1d91d616e37b/tasks {} Body {\"title\":\"Task #1\",\"order\":1,\"description\":\"Lorem ipsum\",\"userId\":\"328a786a-caf6-479e-8a67-01ef67e4e888\",\"boardId\":\"ebbddbaa-fe26-4e95-988a-1d91d616e37b\"} size 198 - 0.676 ms\n","level":"info"}
{"message":"    POST 200 /boards/ebbddbaa-fe26-4e95-988a-1d91d616e37b/tasks {} Body {\"title\":\"Task #2\",\"order\":2,\"description\":\"Lorem ipsum\",\"userId\":\"328a786a-caf6-479e-8a67-01ef67e4e888\",\"boardId\":\"ebbddbaa-fe26-4e95-988a-1d91d616e37b\"} size 198 - 0.638 ms\n","level":"info"}
{"message":"    DELETE 204 /boards/51b829bd-cf60-4e2d-9b9a-5434ae898be3 {} Body {} size - - 0.495 ms\n","level":"info"}
{"message":"    GET 200 /boards/54626f5a-349a-423a-8cf4-0443080b4a8d/tasks/a3784142-6fb4-49b4-931a-3ccd2617a102 {} Body {} size 180 - 0.547 ms\n","level":"info"}
{"message":"    GET 200 /boards/54626f5a-349a-423a-8cf4-0443080b4a8d/tasks/0138a5b1-d6c1-4df2-b6c8-7f743a409e1f {} Body {} size 180 - 0.537 ms\n","level":"info"}
{"message":"    GET 200 /boards/54626f5a-349a-423a-8cf4-0443080b4a8d/tasks/5988f43a-a092-4922-becd-80c1196153b4 {} Body {} size 180 - 0.528 ms\n","level":"info"}
{"message":"    GET 200 /boards/54626f5a-349a-423a-8cf4-0443080b4a8d/tasks/1efc234d-ddb4-4774-b74b-ae25d257ff03 {} Body {} size 180 - 0.514 ms\n","level":"info"}
{"message":"    GET 200 /boards/54626f5a-349a-423a-8cf4-0443080b4a8d/tasks/a7d5a8b7-7949-42f2-b4dc-a22f71e7bed6 {} Body {} size 180 - 0.558 ms\n","level":"info"}
{"message":"    DELETE 204 /users/328a786a-caf6-479e-8a67-01ef67e4e888 {} Body {} size - - 0.707 ms\n","level":"info"}
{"message":"    DELETE 204 /boards/54626f5a-349a-423a-8cf4-0443080b4a8d {} Body {} size - - 0.755 ms\n","level":"info"}
{"message":"    GET 200 /boards/ebbddbaa-fe26-4e95-988a-1d91d616e37b/tasks/75e54bb0-5650-4a5b-acee-43c333cb6e56 {} Body {} size 164 - 1.413 ms\n","level":"info"}
{"message":"    GET 200 /boards/ebbddbaa-fe26-4e95-988a-1d91d616e37b/tasks/ee952a01-3cab-405a-8a1f-b77cc162c166 {} Body {} size 164 - 0.495 ms\n","level":"info"}
{"message":"    DELETE 204 /boards/ebbddbaa-fe26-4e95-988a-1d91d616e37b/tasks/75e54bb0-5650-4a5b-acee-43c333cb6e56 {} Body {} size - - 0.581 ms\n","level":"info"}
{"message":"    DELETE 204 /boards/ebbddbaa-fe26-4e95-988a-1d91d616e37b/tasks/ee952a01-3cab-405a-8a1f-b77cc162c166 {} Body {} size - - 0.574 ms\n","level":"info"}
{"message":"   404 - Task not found - /boards/54626f5a-349a-423a-8cf4-0443080b4a8d/tasks/a3784142-6fb4-49b4-931a-3ccd2617a102 - GET","level":"error"}
{"message":"    GET 404 /boards/54626f5a-349a-423a-8cf4-0443080b4a8d/tasks/a3784142-6fb4-49b4-931a-3ccd2617a102 {} Body {} size 62 - 1.062 ms\n","level":"info"}
{"message":"   404 - Task not found - /boards/54626f5a-349a-423a-8cf4-0443080b4a8d/tasks/0138a5b1-d6c1-4df2-b6c8-7f743a409e1f - GET","level":"error"}
{"message":"    GET 404 /boards/54626f5a-349a-423a-8cf4-0443080b4a8d/tasks/0138a5b1-d6c1-4df2-b6c8-7f743a409e1f {} Body {} size 62 - 1.010 ms\n","level":"info"}
{"message":"   404 - Task not found - /boards/54626f5a-349a-423a-8cf4-0443080b4a8d/tasks/5988f43a-a092-4922-becd-80c1196153b4 - GET","level":"error"}
{"message":"    GET 404 /boards/54626f5a-349a-423a-8cf4-0443080b4a8d/tasks/5988f43a-a092-4922-becd-80c1196153b4 {} Body {} size 62 - 1.094 ms\n","level":"info"}
{"message":"   404 - Task not found - /boards/54626f5a-349a-423a-8cf4-0443080b4a8d/tasks/1efc234d-ddb4-4774-b74b-ae25d257ff03 - GET","level":"error"}
{"message":"    GET 404 /boards/54626f5a-349a-423a-8cf4-0443080b4a8d/tasks/1efc234d-ddb4-4774-b74b-ae25d257ff03 {} Body {} size 62 - 1.793 ms\n","level":"info"}
{"message":"   404 - Task not found - /boards/54626f5a-349a-423a-8cf4-0443080b4a8d/tasks/a7d5a8b7-7949-42f2-b4dc-a22f71e7bed6 - GET","level":"error"}
{"message":"    GET 404 /boards/54626f5a-349a-423a-8cf4-0443080b4a8d/tasks/a7d5a8b7-7949-42f2-b4dc-a22f71e7bed6 {} Body {} size 62 - 1.685 ms\n","level":"info"}
{"message":"    DELETE 204 /boards/ebbddbaa-fe26-4e95-988a-1d91d616e37b {} Body {} size - - 1.340 ms\n","level":"info"}
{"message":"    GET 200 /users {} Body {} size 162 - 7.715 ms\n","level":"info"}
{"message":"    POST 200 /boards {} Body {\"title\":\"Autotest board\",\"columns\":[{\"title\":\"Backlog\",\"order\":1},{\"title\":\"Sprint\",\"order\":2}]} size 229 - 1.944 ms\n","level":"info"}
{"message":"    POST 200 /boards {} Body {\"title\":\"Autotest board\",\"columns\":[{\"title\":\"Backlog\",\"order\":1},{\"title\":\"Sprint\",\"order\":2}]} size 229 - 0.737 ms\n","level":"info"}
{"message":"    POST 200 /users {} Body {\"name\":\"TEST_USER\",\"login\":\"test_user\",\"password\":\"T35t_P@55w0rd\"} size 84 - 1.064 ms\n","level":"info"}
{"message":"    POST 200 /boards/36dab89a-f664-4496-aef7-4a3db67a8020/tasks {} Body {\"title\":\"Autotest task\",\"order\":0,\"description\":\"Lorem ipsum\",\"userId\":null,\"boardId\":null,\"columnId\":null} size 186 - 2.532 ms\n","level":"info"}
{"message":"    GET 200 /boards {} Body {} size 628 - 1.043 ms\n","level":"info"}
{"message":"    GET 200 /users {} Body {} size 247 - 0.758 ms\n","level":"info"}
{"message":"    GET 200 /users/db6dea96-d351-4df1-bf60-b2418b242332 {} Body {} size 77 - 1.081 ms\n","level":"info"}
{"message":"    GET 200 /boards/36dab89a-f664-4496-aef7-4a3db67a8020/tasks {} Body {} size 188 - 1.148 ms\n","level":"info"}
{"message":"    GET 200 /boards {} Body {} size 628 - 0.716 ms\n","level":"info"}
{"message":"    DELETE 204 /users/db6dea96-d351-4df1-bf60-b2418b242332 {} Body {} size - - 1.528 ms\n","level":"info"}
{"message":"    GET 200 /boards/0afb89de-0afb-464d-b173-bbc35b996693 {} Body {} size 82 - 0.828 ms\n","level":"info"}
{"message":"    GET 200 /boards/36dab89a-f664-4496-aef7-4a3db67a8020/tasks {} Body {} size 188 - 0.634 ms\n","level":"info"}
{"message":"    POST 200 /users {} Body {\"name\":\"TEST_USER\",\"login\":\"test_user\",\"password\":\"T35t_P@55w0rd\"} size 84 - 0.728 ms\n","level":"info"}
{"message":"    POST 200 /boards {} Body {\"title\":\"Autotest board\",\"columns\":[{\"title\":\"Backlog\",\"order\":1},{\"title\":\"Sprint\",\"order\":2}]} size 229 - 0.735 ms\n","level":"info"}
{"message":"    GET 200 /boards/36dab89a-f664-4496-aef7-4a3db67a8020/tasks/b20a84af-ff60-4140-b60d-3e5d19613846 {} Body {} size 186 - 1.078 ms\n","level":"info"}
{"message":"    POST 200 /boards/36dab89a-f664-4496-aef7-4a3db67a8020/tasks {} Body {\"title\":\"Autotest task\",\"order\":0,\"description\":\"Lorem ipsum\",\"userId\":null,\"boardId\":null,\"columnId\":null} size 186 - 0.769 ms\n","level":"info"}
{"message":"    DELETE 204 /users/6b8e3acb-6f48-4866-9e43-b825a09b4ddb {} Body {} size - - 0.787 ms\n","level":"info"}
{"message":"    DELETE 204 /boards/8f86d7b4-bf2f-40b6-b964-21334d9b495f {} Body {} size - - 1.105 ms\n","level":"info"}
{"message":"    DELETE 204 /boards/36dab89a-f664-4496-aef7-4a3db67a8020/tasks/0f9fcb75-e620-4ac3-8aa9-42d4903b902a {} Body {} size - - 1.144 ms\n","level":"info"}
{"message":"    POST 200 /users {} Body {\"name\":\"TEST_USER\",\"login\":\"test_user\",\"password\":\"T35t_P@55w0rd\"} size 84 - 0.681 ms\n","level":"info"}
{"message":"    POST 200 /boards {} Body {\"title\":\"Autotest board\",\"columns\":[{\"title\":\"Backlog\",\"order\":1},{\"title\":\"Sprint\",\"order\":2}]} size 229 - 0.740 ms\n","level":"info"}
{"message":"    PUT 200 /users/e1e7c483-2ef2-497b-a9ad-1829d0df0dbe {} Body {\"name\":\"Autotest updated TEST_USER\",\"login\":\"test_user\",\"password\":\"T35t_P@55w0rd\",\"id\":\"e1e7c483-2ef2-497b-a9ad-1829d0df0dbe\"} size 111 - 1.100 ms\n","level":"info"}
{"message":"    POST 200 /boards/36dab89a-f664-4496-aef7-4a3db67a8020/tasks {} Body {\"title\":\"Autotest task\",\"order\":0,\"description\":\"Lorem ipsum\",\"userId\":null,\"boardId\":null,\"columnId\":null} size 186 - 0.774 ms\n","level":"info"}
{"message":"    PUT 200 /boards/ce1acb3f-0d6d-4ae8-944a-3247607f37e0 {} Body {\"id\":\"ce1acb3f-0d6d-4ae8-944a-3247607f37e0\",\"title\":\"Autotest updated board\",\"columns\":[{\"id\":\"f5ffd7af-9e18-4bca-85d6-a9cc7c345831\",\"title\":\"Backlog\",\"order\":1},{\"id\":\"093d41b6-7f71-452a-8770-510cb3126b19\",\"title\":\"Sprint\",\"order\":2}]} size 229 - 1.070 ms\n","level":"info"}
{"message":"    GET 200 /users/e1e7c483-2ef2-497b-a9ad-1829d0df0dbe {} Body {} size 101 - 0.775 ms\n","level":"info"}
{"message":"    PUT 200 /boards/36dab89a-f664-4496-aef7-4a3db67a8020/tasks/bc4c4816-7b9b-409f-86e0-ca0f9b98f27b {} Body {\"id\":\"bc4c4816-7b9b-409f-86e0-ca0f9b98f27b\",\"title\":\"Autotest updated task\",\"order\":0,\"description\":\"Lorem ipsum\",\"userId\":null,\"boardId\":\"36dab89a-f664-4496-aef7-4a3db67a8020\",\"columnId\":null} size 186 - 1.202 ms\n","level":"info"}
{"message":"    GET 200 /boards/ce1acb3f-0d6d-4ae8-944a-3247607f37e0 {} Body {} size 237 - 0.503 ms\n","level":"info"}
{"message":"    DELETE 204 /users/e1e7c483-2ef2-497b-a9ad-1829d0df0dbe {} Body {} size - - 0.595 ms\n","level":"info"}
{"message":"    GET 200 /boards/36dab89a-f664-4496-aef7-4a3db67a8020/tasks/bc4c4816-7b9b-409f-86e0-ca0f9b98f27b {} Body {} size 194 - 0.559 ms\n","level":"info"}
{"message":"    POST 200 /users {} Body {\"name\":\"TEST_USER\",\"login\":\"test_user\",\"password\":\"T35t_P@55w0rd\"} size 84 - 0.687 ms\n","level":"info"}
{"message":"    DELETE 204 /boards/ce1acb3f-0d6d-4ae8-944a-3247607f37e0 {} Body {} size - - 0.567 ms\n","level":"info"}
{"message":"    GET 200 /boards/36dab89a-f664-4496-aef7-4a3db67a8020/tasks/b20a84af-ff60-4140-b60d-3e5d19613846 {} Body {} size 186 - 0.589 ms\n","level":"info"}
{"message":"    DELETE 204 /users/b48e8319-e1de-449c-b94a-9d6f553360d4 {} Body {} size - - 0.745 ms\n","level":"info"}
{"message":"    GET 200 /boards {} Body {} size 628 - 0.520 ms\n","level":"info"}
{"message":"    POST 200 /users {} Body {\"name\":\"TEST_USER\",\"login\":\"test_user\",\"password\":\"T35t_P@55w0rd\"} size 84 - 0.597 ms\n","level":"info"}
{"message":"    DELETE 204 /boards/0afb89de-0afb-464d-b173-bbc35b996693 {} Body {} size - - 0.567 ms\n","level":"info"}
{"message":"    DELETE 204 /boards/36dab89a-f664-4496-aef7-4a3db67a8020/tasks/b20a84af-ff60-4140-b60d-3e5d19613846 {} Body {} size - - 0.713 ms\n","level":"info"}
{"message":"    POST 200 /boards {} Body {\"title\":\"Autotest board\",\"columns\":[{\"title\":\"Backlog\",\"order\":1},{\"title\":\"Sprint\",\"order\":2}]} size 229 - 0.618 ms\n","level":"info"}
{"message":"   404 - Can't get board with 0afb89de-0afb-464d-b173-bbc35b996693 - /boards/0afb89de-0afb-464d-b173-bbc35b996693 - GET","level":"error"}
{"message":"    GET 404 /boards/0afb89de-0afb-464d-b173-bbc35b996693 {} Body {} size 105 - 1.490 ms\n","level":"info"}
{"message":"   404 - Task not found - /boards/b20a84af-ff60-4140-b60d-3e5d19613846/tasks/undefined - GET","level":"error"}
{"message":"    GET 404 /boards/b20a84af-ff60-4140-b60d-3e5d19613846/tasks/undefined {} Body {} size 62 - 0.852 ms\n","level":"info"}
{"message":"    POST 200 /boards/6d28e941-bea1-4f8b-ab10-35e325ffb55d/tasks {} Body {\"title\":\"Task #1\",\"order\":1,\"description\":\"Lorem ipsum\",\"userId\":\"d5099ab7-2053-45d0-8d37-0807570652d8\",\"boardId\":\"6d28e941-bea1-4f8b-ab10-35e325ffb55d\"} size 198 - 0.690 ms\n","level":"info"}
{"message":"    POST 200 /boards/6d28e941-bea1-4f8b-ab10-35e325ffb55d/tasks {} Body {\"title\":\"Task #2\",\"order\":2,\"description\":\"Lorem ipsum\",\"userId\":\"d5099ab7-2053-45d0-8d37-0807570652d8\",\"boardId\":\"6d28e941-bea1-4f8b-ab10-35e325ffb55d\"} size 198 - 0.955 ms\n","level":"info"}
{"message":"    POST 200 /boards {} Body {\"title\":\"Autotest board\",\"columns\":[{\"title\":\"Backlog\",\"order\":1},{\"title\":\"Sprint\",\"order\":2}]} size 229 - 0.672 ms\n","level":"info"}
{"message":"    DELETE 204 /boards/36dab89a-f664-4496-aef7-4a3db67a8020 {} Body {} size - - 1.977 ms\n","level":"info"}
{"message":"    DELETE 204 /users/d5099ab7-2053-45d0-8d37-0807570652d8 {} Body {} size - - 0.604 ms\n","level":"info"}
{"message":"    POST 200 /boards/2a7987dd-77a8-4075-8b70-9808aa9a9c16/tasks {} Body {\"title\":\"Task #1\",\"order\":1,\"description\":\"Lorem ipsum\",\"boardId\":\"2a7987dd-77a8-4075-8b70-9808aa9a9c16\",\"userId\":null,\"columnId\":null} size 180 - 0.680 ms\n","level":"info"}
{"message":"    POST 200 /boards/2a7987dd-77a8-4075-8b70-9808aa9a9c16/tasks {} Body {\"title\":\"Task #2\",\"order\":2,\"description\":\"Lorem ipsum\",\"boardId\":\"2a7987dd-77a8-4075-8b70-9808aa9a9c16\",\"userId\":null,\"columnId\":null} size 180 - 0.616 ms\n","level":"info"}
{"message":"    POST 200 /boards/2a7987dd-77a8-4075-8b70-9808aa9a9c16/tasks {} Body {\"title\":\"Task #3\",\"order\":3,\"description\":\"Lorem ipsum\",\"boardId\":\"2a7987dd-77a8-4075-8b70-9808aa9a9c16\",\"userId\":null,\"columnId\":null} size 180 - 0.646 ms\n","level":"info"}
{"message":"    POST 200 /boards/2a7987dd-77a8-4075-8b70-9808aa9a9c16/tasks {} Body {\"title\":\"Task #4\",\"order\":4,\"description\":\"Lorem ipsum\",\"boardId\":\"2a7987dd-77a8-4075-8b70-9808aa9a9c16\",\"userId\":null,\"columnId\":null} size 180 - 0.602 ms\n","level":"info"}
{"message":"    POST 200 /boards/2a7987dd-77a8-4075-8b70-9808aa9a9c16/tasks {} Body {\"title\":\"Task #5\",\"order\":5,\"description\":\"Lorem ipsum\",\"boardId\":\"2a7987dd-77a8-4075-8b70-9808aa9a9c16\",\"userId\":null,\"columnId\":null} size 180 - 0.602 ms\n","level":"info"}
{"message":"    GET 200 /boards/6d28e941-bea1-4f8b-ab10-35e325ffb55d/tasks/380ce878-79a8-46db-9472-b69475f07d8c {} Body {} size 164 - 0.594 ms\n","level":"info"}
{"message":"    GET 200 /boards/6d28e941-bea1-4f8b-ab10-35e325ffb55d/tasks/6a164132-ff0c-411a-bca0-28323f18050e {} Body {} size 164 - 0.495 ms\n","level":"info"}
{"message":"    GET 200 /boards/2a7987dd-77a8-4075-8b70-9808aa9a9c16/tasks/09a7aa90-5449-4953-8f56-4d4d5e696e6e {} Body {} size 180 - 0.558 ms\n","level":"info"}
{"message":"    GET 200 /boards/2a7987dd-77a8-4075-8b70-9808aa9a9c16/tasks/375a0c12-778b-4ab8-82e3-d8d3300b9871 {} Body {} size 180 - 0.662 ms\n","level":"info"}
{"message":"    GET 200 /boards/2a7987dd-77a8-4075-8b70-9808aa9a9c16/tasks/33fc7ce5-3cdb-4ae2-8fdd-418c91ec07ce {} Body {} size 180 - 0.613 ms\n","level":"info"}
{"message":"    GET 200 /boards/2a7987dd-77a8-4075-8b70-9808aa9a9c16/tasks/14d78957-1ba3-4e61-8b25-bb0824acce8b {} Body {} size 180 - 0.555 ms\n","level":"info"}
{"message":"    GET 200 /boards/2a7987dd-77a8-4075-8b70-9808aa9a9c16/tasks/bacda2ff-6583-4326-acc4-11f987277940 {} Body {} size 180 - 0.573 ms\n","level":"info"}
{"message":"    DELETE 204 /boards/6d28e941-bea1-4f8b-ab10-35e325ffb55d/tasks/380ce878-79a8-46db-9472-b69475f07d8c {} Body {} size - - 0.517 ms\n","level":"info"}
{"message":"    DELETE 204 /boards/6d28e941-bea1-4f8b-ab10-35e325ffb55d/tasks/6a164132-ff0c-411a-bca0-28323f18050e {} Body {} size - - 0.652 ms\n","level":"info"}
{"message":"    DELETE 204 /boards/2a7987dd-77a8-4075-8b70-9808aa9a9c16 {} Body {} size - - 0.515 ms\n","level":"info"}
{"message":"    DELETE 204 /boards/6d28e941-bea1-4f8b-ab10-35e325ffb55d {} Body {} size - - 0.523 ms\n","level":"info"}
{"message":"   404 - Task not found - /boards/2a7987dd-77a8-4075-8b70-9808aa9a9c16/tasks/09a7aa90-5449-4953-8f56-4d4d5e696e6e - GET","level":"error"}
{"message":"    GET 404 /boards/2a7987dd-77a8-4075-8b70-9808aa9a9c16/tasks/09a7aa90-5449-4953-8f56-4d4d5e696e6e {} Body {} size 62 - 0.719 ms\n","level":"info"}
{"message":"   404 - Task not found - /boards/2a7987dd-77a8-4075-8b70-9808aa9a9c16/tasks/375a0c12-778b-4ab8-82e3-d8d3300b9871 - GET","level":"error"}
{"message":"    GET 404 /boards/2a7987dd-77a8-4075-8b70-9808aa9a9c16/tasks/375a0c12-778b-4ab8-82e3-d8d3300b9871 {} Body {} size 62 - 0.606 ms\n","level":"info"}
{"message":"   404 - Task not found - /boards/2a7987dd-77a8-4075-8b70-9808aa9a9c16/tasks/33fc7ce5-3cdb-4ae2-8fdd-418c91ec07ce - GET","level":"error"}
{"message":"    GET 404 /boards/2a7987dd-77a8-4075-8b70-9808aa9a9c16/tasks/33fc7ce5-3cdb-4ae2-8fdd-418c91ec07ce {} Body {} size 62 - 1.494 ms\n","level":"info"}
{"message":"   404 - Task not found - /boards/2a7987dd-77a8-4075-8b70-9808aa9a9c16/tasks/14d78957-1ba3-4e61-8b25-bb0824acce8b - GET","level":"error"}
{"message":"    GET 404 /boards/2a7987dd-77a8-4075-8b70-9808aa9a9c16/tasks/14d78957-1ba3-4e61-8b25-bb0824acce8b {} Body {} size 62 - 0.723 ms\n","level":"info"}
{"message":"   404 - Task not found - /boards/2a7987dd-77a8-4075-8b70-9808aa9a9c16/tasks/bacda2ff-6583-4326-acc4-11f987277940 - GET","level":"error"}
{"message":"    GET 404 /boards/2a7987dd-77a8-4075-8b70-9808aa9a9c16/tasks/bacda2ff-6583-4326-acc4-11f987277940 {} Body {} size 62 - 0.649 ms\n","level":"info"}
{"code":"EADDRINUSE","errno":"EADDRINUSE","syscall":"listen","address":"::","port":4000,"level":"error","message":"   Uncaught Exception thrown: listen EADDRINUSE: address already in use :::4000listen EADDRINUSE: address already in use :::4000","stack":"Error: listen EADDRINUSE: address already in use :::4000\n    at Server.setupListenHandle [as _listen2] (net.js:1309:16)\n    at listenInCluster (net.js:1357:12)\n    at Server.listen (net.js:1445:7)\n    at Function.listen (/home/natalie/node-course/nodejs-course/node_modules/express/lib/application.js:618:24)\n    at Object.<anonymous> (/home/natalie/node-course/nodejs-course/src/server.js:13:5)\n    at Module._compile (internal/modules/cjs/loader.js:1158:30)\n    at Object.Module._extensions..js (internal/modules/cjs/loader.js:1178:10)\n    at Module.load (internal/modules/cjs/loader.js:1002:32)\n    at Function.Module._load (internal/modules/cjs/loader.js:901:14)\n    at Function.executeUserEntryPoint [as runMain] (internal/modules/run_main.js:74:12)"}
